[debug] [2025-11-28T23:10:08.097Z] ----------------------------------------------------------------------
[debug] [2025-11-28T23:10:08.099Z] Command:       C:\Program Files\nodejs\node.exe C:\Users\Ulysses\AppData\Roaming\npm\node_modules\firebase-tools\lib\bin\firebase.js deploy --only hosting
[debug] [2025-11-28T23:10:08.100Z] CLI Version:   14.26.0
[debug] [2025-11-28T23:10:08.100Z] Platform:      win32
[debug] [2025-11-28T23:10:08.100Z] Node Version:  v22.18.0
[debug] [2025-11-28T23:10:08.100Z] Time:          Fri Nov 28 2025 20:10:08 GMT-0300 (Horário Padrão de Brasília)
[debug] [2025-11-28T23:10:08.100Z] ----------------------------------------------------------------------
[debug] 
[debug] [2025-11-28T23:10:08.273Z] > command requires scopes: ["email","openid","https://www.googleapis.com/auth/cloudplatformprojects.readonly","https://www.googleapis.com/auth/firebase","https://www.googleapis.com/auth/cloud-platform"]
[debug] [2025-11-28T23:10:08.274Z] > authorizing via signed-in user (ulyssesro2@gmail.com)
[debug] [2025-11-28T23:10:08.274Z] [iam] checking project cine-aurora-84d97 for permissions ["firebase.projects.get","firebasehosting.sites.update"]
[debug] [2025-11-28T23:10:08.275Z] Checked if tokens are valid: false, expires at: 1764118870665
[debug] [2025-11-28T23:10:08.275Z] Checked if tokens are valid: false, expires at: 1764118870665
[debug] [2025-11-28T23:10:08.275Z] > refreshing access token with scopes: []
[debug] [2025-11-28T23:10:08.277Z] >>> [apiv2][query] POST https://www.googleapis.com/oauth2/v3/token [none]
[debug] [2025-11-28T23:10:08.277Z] >>> [apiv2][body] POST https://www.googleapis.com/oauth2/v3/token [omitted]
[debug] [2025-11-28T23:10:19.465Z] *** [apiv2] error from fetch(https://www.googleapis.com/oauth2/v3/token, {"headers":{},"method":"POST","body":{"_overheadLength":545,"_valueLength":212,"_valuesToMeasure":[],"writable":false,"readable":true,"dataSize":0,"maxDataSize":2097152,"pauseStreams":true,"_released":true,"_streams":[],"_currentStream":null,"_insideLoop":false,"_pendingNext":false,"_boundary":"--------------------------9f0d805f2357c1f8b3afce86","_events":{},"_eventsCount":1}}): FetchError: request to https://www.googleapis.com/oauth2/v3/token failed, reason: getaddrinfo ENOTFOUND www.googleapis.com
[error] Authentication Error: Your credentials are no longer valid. Please run firebase login --reauth

For CI servers and headless environments, generate a new token with firebase login:ci
[debug] [2025-11-28T23:10:19.467Z] [iam] error while checking permissions, command may fail: Authentication Error: Your credentials are no longer valid. Please run firebase login --reauth

For CI servers and headless environments, generate a new token with firebase login:ci
[debug] [2025-11-28T23:10:19.467Z] Checked if tokens are valid: false, expires at: 1764118870665
[debug] [2025-11-28T23:10:19.467Z] Checked if tokens are valid: false, expires at: 1764118870665
[debug] [2025-11-28T23:10:19.467Z] > refreshing access token with scopes: []
[debug] [2025-11-28T23:10:19.468Z] >>> [apiv2][query] POST https://www.googleapis.com/oauth2/v3/token [none]
[debug] [2025-11-28T23:10:19.468Z] >>> [apiv2][body] POST https://www.googleapis.com/oauth2/v3/token [omitted]
[debug] [2025-11-28T23:10:20.875Z] <<< [apiv2][status] POST https://www.googleapis.com/oauth2/v3/token 200
[debug] [2025-11-28T23:10:20.875Z] <<< [apiv2][body] POST https://www.googleapis.com/oauth2/v3/token [omitted]
[debug] [2025-11-28T23:10:20.911Z] >>> [apiv2][query] GET https://firebase.googleapis.com/v1beta1/projects/cine-aurora-84d97 [none]
[debug] [2025-11-28T23:10:32.043Z] *** [apiv2] error from fetch(https://firebase.googleapis.com/v1beta1/projects/cine-aurora-84d97, {"headers":{},"method":"GET","signal":{"reason":""}}): FetchError: request to https://firebase.googleapis.com/v1beta1/projects/cine-aurora-84d97 failed, reason: getaddrinfo ENOTFOUND firebase.googleapis.com
[debug] [2025-11-28T23:10:32.044Z] Failed to make request to https://firebase.googleapis.com/v1beta1/projects/cine-aurora-84d97 (original: request to https://firebase.googleapis.com/v1beta1/projects/cine-aurora-84d97 failed, reason: getaddrinfo ENOTFOUND firebase.googleapis.com)
[debug] [2025-11-28T23:10:37.056Z] Error: Timed out.
    at Timeout._onTimeout (C:\Users\Ulysses\AppData\Roaming\npm\node_modules\firebase-tools\lib\utils.js:275:49)
    at listOnTimeout (node:internal/timers:588:17)
    at process.processTimers (node:internal/timers:523:7)
[error] 
[error] Error: An unexpected error has occurred.
